{"level":"error","message":"connect ECONNREFUSED 127.0.0.1:27017","timestamp":"2022-09-26T06:01:39.979Z"}
{"level":"info","message":"App listening on the port 3000","timestamp":"2022-09-26T06:01:39.983Z"}
{"level":"error","message":"connect ECONNREFUSED 127.0.0.1:27017","timestamp":"2022-09-26T06:05:57.807Z"}
{"level":"info","message":"App listening on the port 3000","timestamp":"2022-09-26T06:05:57.811Z"}
{"level":"info","message":"App listening on the port 3000","timestamp":"2022-09-26T06:55:19.383Z"}
{"level":"info","message":"App listening on the port 3000","timestamp":"2022-09-26T07:01:04.197Z"}
{"level":"info","message":"App listening on the port 3000","timestamp":"2022-09-26T07:02:50.320Z"}
{"level":"info","message":"App listening on the port 3000","timestamp":"2022-09-26T08:52:06.492Z"}
{"level":"info","message":"App listening on the port 3000","timestamp":"2022-09-26T08:52:48.426Z"}
{"level":"info","message":"App listening on the port 3000","timestamp":"2022-09-26T08:53:11.164Z"}
{"level":"info","message":"App listening on the port 3000","timestamp":"2022-09-26T08:54:48.178Z"}
{"level":"info","message":"App listening on the port 3000","timestamp":"2022-09-26T08:55:18.882Z"}
{"level":"info","message":"App listening on the port 3000","timestamp":"2022-09-26T08:56:35.777Z"}
{"level":"info","message":"App listening on the port 3000","timestamp":"2022-09-26T09:49:08.390Z"}
{"level":"info","message":"App listening on the port 3000","timestamp":"2022-09-26T09:50:34.158Z"}
{"level":"info","message":"App listening on the port 3000","timestamp":"2022-09-26T09:51:22.228Z"}
{"level":"info","message":"App listening on the port 3000","timestamp":"2022-09-26T09:51:30.494Z"}
{"level":"info","message":"App listening on the port 3000","timestamp":"2022-09-26T09:52:30.936Z"}
{"level":"info","message":"App listening on the port 3000","timestamp":"2022-09-26T09:52:53.014Z"}
{"level":"info","message":"App listening on the port 3000","timestamp":"2022-09-26T09:53:54.692Z"}
{"level":"info","message":"App listening on the port 3000","timestamp":"2022-09-26T09:54:28.461Z"}
{"level":"info","message":"App listening on the port 3000","timestamp":"2022-09-26T09:57:09.500Z"}
{"level":"info","message":"App listening on the port 3000","timestamp":"2022-09-26T09:58:32.612Z"}
{"level":"info","message":"App listening on the port 3000","timestamp":"2022-09-26T09:58:57.909Z"}
{"level":"info","message":"App listening on the port 3000","timestamp":"2022-09-26T10:00:54.676Z"}
{"level":"info","message":"App listening on the port 3000","timestamp":"2022-09-26T10:02:53.829Z"}
{"level":"info","message":"App listening on the port 3000","timestamp":"2022-09-26T10:03:34.691Z"}
{"level":"info","message":"App listening on the port 3000","timestamp":"2022-09-26T12:26:55.861Z"}
{"level":"error","message":"{\"errors\":{\"username\":{\"name\":\"ValidatorError\",\"message\":\"Path `username` is required.\",\"properties\":{\"message\":\"Path `username` is required.\",\"type\":\"required\",\"path\":\"username\"},\"kind\":\"required\",\"path\":\"username\"},\"name\":{\"name\":\"ValidatorError\",\"message\":\"Path `name` is required.\",\"properties\":{\"message\":\"Path `name` is required.\",\"type\":\"required\",\"path\":\"name\"},\"kind\":\"required\",\"path\":\"name\"}},\"_message\":\"User validation failed\",\"name\":\"ValidationError\",\"message\":\"User validation failed: username: Path `username` is required., name: Path `name` is required.\"}","timestamp":"2022-09-26T12:27:02.224Z"}
{"level":"info","message":"App listening on the port 3000","timestamp":"2022-09-26T12:27:42.844Z"}
{"level":"error","message":"{\"errors\":{\"username\":{\"name\":\"ValidatorError\",\"message\":\"Path `username` is required.\",\"properties\":{\"message\":\"Path `username` is required.\",\"type\":\"required\",\"path\":\"username\"},\"kind\":\"required\",\"path\":\"username\"},\"name\":{\"name\":\"ValidatorError\",\"message\":\"Path `name` is required.\",\"properties\":{\"message\":\"Path `name` is required.\",\"type\":\"required\",\"path\":\"name\",\"value\":\"\"},\"kind\":\"required\",\"path\":\"name\",\"value\":\"\"}},\"_message\":\"User validation failed\",\"name\":\"ValidationError\",\"message\":\"User validation failed: username: Path `username` is required., name: Path `name` is required.\"}","timestamp":"2022-09-26T12:27:44.645Z"}
{"level":"info","message":"App listening on the port 3000","timestamp":"2022-09-26T12:30:05.598Z"}
{"level":"error","message":"{\"errors\":{\"name\":{\"name\":\"ValidatorError\",\"message\":\"Path `name` is required.\",\"properties\":{\"message\":\"Path `name` is required.\",\"type\":\"required\",\"path\":\"name\",\"value\":\"\"},\"kind\":\"required\",\"path\":\"name\",\"value\":\"\"}},\"_message\":\"User validation failed\",\"name\":\"ValidationError\",\"message\":\"User validation failed: name: Path `name` is required.\"}","timestamp":"2022-09-26T12:30:06.531Z"}
{"level":"info","message":"App listening on the port 3000","timestamp":"2022-09-26T12:30:36.801Z"}
{"level":"error","message":"{\"errors\":{\"name\":{\"name\":\"ValidatorError\",\"message\":\"Path `name` (``) is shorter than the minimum allowed length (2).\",\"properties\":{\"message\":\"Path `name` (``) is shorter than the minimum allowed length (2).\",\"type\":\"minlength\",\"minlength\":2,\"path\":\"name\",\"value\":\"\"},\"kind\":\"minlength\",\"path\":\"name\",\"value\":\"\"}},\"_message\":\"User validation failed\",\"name\":\"ValidationError\",\"message\":\"User validation failed: name: Path `name` (``) is shorter than the minimum allowed length (2).\"}","timestamp":"2022-09-26T12:30:38.639Z"}
{"level":"info","message":"App listening on the port 3000","timestamp":"2022-09-26T12:31:51.853Z"}
{"level":"info","message":"App listening on the port 3000","timestamp":"2022-09-26T12:34:47.149Z"}
{"level":"error","message":"{\"message\":\"User already exists with this email\",\"serverCode\":\"PRO_ERR_101\",\"httpStatusCode\":409}","timestamp":"2022-09-26T12:34:49.940Z"}
{"level":"info","message":"App listening on the port 3000","timestamp":"2022-09-26T12:49:29.019Z"}
{"level":"info","message":"App listening on the port 3000","timestamp":"2022-09-26T12:50:07.249Z"}
{"level":"info","message":"App listening on the port 3000","timestamp":"2022-09-26T12:50:21.614Z"}
{"level":"info","message":"App listening on the port 3000","timestamp":"2022-09-26T12:52:08.988Z"}
{"level":"error","message":"{\"message\":\"User already exists with this email\",\"serverCode\":\"PRO_ERR_101\",\"httpStatusCode\":409}","timestamp":"2022-09-26T12:52:12.673Z"}
{"level":"info","message":"App listening on the port 3000","timestamp":"2022-09-26T12:52:36.289Z"}
{"level":"info","message":"App listening on the port 3000","timestamp":"2022-09-26T12:55:14.646Z"}
{"level":"error","message":"{\"message\":\"User already exists with this email\",\"serverCode\":\"PRO_ERR_101\",\"httpStatusCode\":409}","timestamp":"2022-09-26T12:55:16.925Z"}
{"level":"info","message":"App listening on the port 3000","timestamp":"2022-09-26T13:02:48.138Z"}
{"level":"info","message":"App listening on the port 3000","timestamp":"2022-09-26T13:35:46.632Z"}
{"level":"info","message":"App listening on the port 3000","timestamp":"2022-09-26T13:36:22.978Z"}
{"level":"info","message":"App listening on the port 3000","timestamp":"2022-09-26T13:37:05.775Z"}
{"level":"info","message":"App listening on the port 3000","timestamp":"2022-09-26T13:37:13.195Z"}
{"level":"info","message":"App listening on the port 3000","timestamp":"2022-09-26T13:38:53.650Z"}
{"level":"info","message":"App listening on the port 3000","timestamp":"2022-09-26T13:40:13.769Z"}
{"level":"info","message":"App listening on the port 3000","timestamp":"2022-09-26T13:41:29.900Z"}
{"level":"info","message":"App listening on the port 3000","timestamp":"2022-09-26T13:42:12.332Z"}
{"level":"info","message":"App listening on the port 3000","timestamp":"2022-09-26T13:42:53.654Z"}
{"level":"info","message":"App listening on the port 3000","timestamp":"2022-09-26T13:45:19.303Z"}
{"level":"info","message":"App listening on the port 3000","timestamp":"2022-09-26T13:45:28.881Z"}
{"level":"info","message":"App listening on the port 3000","timestamp":"2022-09-26T13:47:48.333Z"}
{"level":"info","message":"App listening on the port 3000","timestamp":"2022-09-26T13:48:02.231Z"}
{"level":"info","message":"App listening on the port 3000","timestamp":"2022-09-26T13:48:23.208Z"}
{"level":"error","message":"connect ECONNREFUSED 127.0.0.1:27017","timestamp":"2022-09-27T05:02:12.430Z"}
{"level":"info","message":"App listening on the port 3000","timestamp":"2022-09-27T05:02:12.434Z"}
{"level":"info","message":"App listening on the port 3000","timestamp":"2022-09-27T05:17:35.918Z"}
{"level":"info","message":"App listening on the port 3000","timestamp":"2022-09-27T05:18:33.891Z"}
{"level":"info","message":"App listening on the port 3000","timestamp":"2022-09-27T05:20:39.535Z"}
{"level":"info","message":"App listening on the port 3000","timestamp":"2022-09-27T05:20:45.464Z"}
{"level":"info","message":"App listening on the port 3000","timestamp":"2022-09-27T05:23:01.383Z"}
{"level":"info","message":"App listening on the port 3000","timestamp":"2022-09-27T05:24:21.398Z"}
{"level":"info","message":"App listening on the port 3000","timestamp":"2022-09-27T05:27:51.332Z"}
{"level":"info","message":"App listening on the port 3000","timestamp":"2022-09-27T05:28:45.619Z"}
{"level":"info","message":"App listening on the port 3000","timestamp":"2022-09-27T05:33:28.363Z"}
{"level":"info","message":"App listening on the port 3000","timestamp":"2022-09-27T05:34:23.731Z"}
{"level":"info","message":"App listening on the port 3000","timestamp":"2022-09-27T05:41:15.674Z"}
{"level":"info","message":"App listening on the port 3000","timestamp":"2022-09-27T05:41:26.780Z"}
{"level":"info","message":"App listening on the port 3000","timestamp":"2022-09-27T05:42:11.503Z"}
{"level":"info","message":"App listening on the port 3000","timestamp":"2022-09-27T05:42:17.425Z"}
{"level":"info","message":"App listening on the port 3000","timestamp":"2022-09-27T05:42:40.759Z"}
{"level":"info","message":"App listening on the port 3000","timestamp":"2022-09-27T06:07:22.960Z"}
{"level":"info","message":"App listening on the port 3000","timestamp":"2022-09-27T06:09:49.336Z"}
{"level":"info","message":"App listening on the port 3000","timestamp":"2022-09-27T06:10:01.389Z"}
{"level":"info","message":"App listening on the port 3000","timestamp":"2022-09-27T06:11:30.202Z"}
{"level":"info","message":"App listening on the port 3000","timestamp":"2022-09-27T06:12:54.552Z"}
{"level":"info","message":"App listening on the port 3000","timestamp":"2022-09-27T06:12:58.755Z"}
{"level":"info","message":"App listening on the port 3000","timestamp":"2022-09-27T06:14:46.046Z"}
{"level":"info","message":"App listening on the port 3000","timestamp":"2022-09-27T06:21:12.478Z"}
{"level":"info","message":"App listening on the port 3000","timestamp":"2022-09-27T06:21:32.604Z"}
{"level":"info","message":"App listening on the port 3000","timestamp":"2022-09-27T06:23:28.485Z"}
{"level":"info","message":"App listening on the port 3000","timestamp":"2022-09-27T06:31:40.427Z"}
{"level":"error","message":"{\"message\":\"User already exists with this email\",\"serverCode\":\"PRO_ERR_101\",\"httpStatusCode\":409}","timestamp":"2022-09-27T06:31:45.631Z"}
{"level":"error","message":"{\"message\":\"User already exists with this email\",\"serverCode\":\"PRO_ERR_101\",\"httpStatusCode\":409}","timestamp":"2022-09-27T06:31:50.918Z"}
{"level":"info","message":"App listening on the port 3000","timestamp":"2022-09-27T06:58:31.609Z"}
{"level":"error","message":"{\"message\":\"User already exists with this email\",\"serverCode\":\"PRO_ERR_101\",\"httpStatusCode\":409}","timestamp":"2022-09-27T06:59:01.286Z"}
{"level":"info","message":"App listening on the port 3000","timestamp":"2022-09-27T07:15:20.432Z"}
{"level":"info","message":"App listening on the port 3000","timestamp":"2022-09-27T10:30:51.580Z"}
{"level":"info","message":"App listening on the port 3000","timestamp":"2022-09-27T10:31:24.708Z"}
{"level":"info","message":"App listening on the port 3000","timestamp":"2022-09-27T10:33:05.740Z"}
{"level":"info","message":"App listening on the port 3000","timestamp":"2022-09-27T10:33:24.499Z"}
{"level":"info","message":"App listening on the port 3000","timestamp":"2022-09-27T10:33:45.809Z"}
{"level":"info","message":"App listening on the port 3000","timestamp":"2022-09-27T10:37:19.286Z"}
{"level":"info","message":"App listening on the port 3000","timestamp":"2022-09-27T10:37:23.651Z"}
{"level":"info","message":"App listening on the port 3000","timestamp":"2022-09-27T10:37:47.336Z"}
{"level":"info","message":"App listening on the port 3000","timestamp":"2022-09-27T10:42:41.163Z"}
{"level":"info","message":"App listening on the port 3000","timestamp":"2022-09-27T10:47:22.033Z"}
{"level":"info","message":"App listening on the port 3000","timestamp":"2022-09-27T10:48:25.032Z"}
{"level":"info","message":"App listening on the port 3000","timestamp":"2022-09-27T10:50:29.677Z"}
{"level":"info","message":"App listening on the port 3000","timestamp":"2022-09-27T10:51:40.115Z"}
{"level":"info","message":"App listening on the port 3000","timestamp":"2022-09-27T10:55:55.734Z"}
{"level":"info","message":"App listening on the port 3000","timestamp":"2022-09-27T10:56:28.713Z"}
{"level":"info","message":"App listening on the port 3000","timestamp":"2022-09-27T10:58:21.440Z"}
{"level":"info","message":"App listening on the port 3000","timestamp":"2022-09-27T10:59:44.817Z"}
{"level":"info","message":"App listening on the port 3000","timestamp":"2022-09-27T11:00:03.106Z"}
{"level":"info","message":"App listening on the port 3000","timestamp":"2022-09-27T11:00:29.204Z"}
{"level":"info","message":"App listening on the port 3000","timestamp":"2022-09-27T11:01:16.610Z"}
{"level":"info","message":"App listening on the port 3000","timestamp":"2022-09-27T11:01:53.064Z"}
{"level":"info","message":"App listening on the port 3000","timestamp":"2022-09-27T11:01:59.098Z"}
{"level":"info","message":"App listening on the port 3000","timestamp":"2022-09-27T11:02:20.563Z"}
{"level":"info","message":"App listening on the port 3000","timestamp":"2022-09-27T11:04:21.433Z"}
{"level":"info","message":"App listening on the port 3000","timestamp":"2022-09-27T11:07:00.361Z"}
{"level":"info","message":"App listening on the port 3000","timestamp":"2022-09-27T11:09:52.962Z"}
{"level":"info","message":"App listening on the port 3000","timestamp":"2022-09-27T11:10:51.556Z"}
{"level":"info","message":"App listening on the port 3000","timestamp":"2022-09-27T11:12:57.204Z"}
{"level":"info","message":"App listening on the port 3000","timestamp":"2022-09-27T11:17:43.379Z"}
{"level":"info","message":"App listening on the port 3000","timestamp":"2022-09-27T11:18:36.845Z"}
{"level":"info","message":"App listening on the port 3000","timestamp":"2022-09-27T11:18:45.072Z"}
{"level":"info","message":"App listening on the port 3000","timestamp":"2022-09-27T11:18:59.728Z"}
{"level":"info","message":"App listening on the port 3000","timestamp":"2022-09-27T11:20:09.130Z"}
{"level":"info","message":"App listening on the port 3000","timestamp":"2022-09-27T11:21:15.722Z"}
{"level":"info","message":"App listening on the port 3000","timestamp":"2022-09-27T11:26:41.035Z"}
{"level":"info","message":"App listening on the port 3000","timestamp":"2022-09-27T11:28:17.495Z"}
{"level":"info","message":"App listening on the port 3000","timestamp":"2022-09-27T11:28:26.809Z"}
{"level":"info","message":"App listening on the port 3000","timestamp":"2022-09-27T11:29:10.760Z"}
{"level":"info","message":"App listening on the port 3000","timestamp":"2022-09-27T11:29:56.428Z"}
